proguard/seeds.txt
com.appslandia.phrasebuilder.AboutActivityImpl
com.appslandia.phrasebuilder.AboutActivityImpl: AboutActivityImpl()
com.appslandia.phrasebuilder.AppListActivityImpl
com.appslandia.phrasebuilder.AppListActivityImpl: AppListActivityImpl()
com.appslandia.phrasebuilder.ApplicationImpl
com.appslandia.phrasebuilder.ApplicationImpl: ApplicationImpl()
com.appslandia.phrasebuilder.BackupAgentImpl
com.appslandia.phrasebuilder.BackupAgentImpl: BackupAgentImpl()
com.appslandia.phrasebuilder.BackupRequestReceiver
com.appslandia.phrasebuilder.BackupRequestReceiver: BackupRequestReceiver()
com.appslandia.phrasebuilder.BootCompletedListener
com.appslandia.phrasebuilder.BootCompletedListener: BootCompletedListener()
com.appslandia.phrasebuilder.HelpActivityImpl
com.appslandia.phrasebuilder.HelpActivityImpl: HelpActivityImpl()
com.appslandia.phrasebuilder.LabelListActivity
com.appslandia.phrasebuilder.LabelListActivity: LabelListActivity()
com.appslandia.phrasebuilder.LanguageListActivity
com.appslandia.phrasebuilder.LanguageListActivity: LanguageListActivity()
com.appslandia.phrasebuilder.MainActivity
com.appslandia.phrasebuilder.MainActivity: MainActivity()
com.appslandia.phrasebuilder.ManageBackupActivity
com.appslandia.phrasebuilder.ManageBackupActivity: ManageBackupActivity()
com.appslandia.phrasebuilder.PhraseEditActivity
com.appslandia.phrasebuilder.PhraseEditActivity: PhraseEditActivity()
com.appslandia.phrasebuilder.PhraseFillin: android.os.Parcelable$Creator CREATOR
com.appslandia.phrasebuilder.PhraseListActivity
com.appslandia.phrasebuilder.PhraseListActivity: PhraseListActivity()
com.appslandia.phrasebuilder.PhraseMtc: android.os.Parcelable$Creator CREATOR
com.appslandia.phrasebuilder.PhraseTestActivity
com.appslandia.phrasebuilder.PhraseTestActivity: PhraseTestActivity()
com.appslandia.phrasebuilder.PhraseTestInputsActivity
com.appslandia.phrasebuilder.PhraseTestInputsActivity: PhraseTestInputsActivity()
com.appslandia.phrasebuilder.PhraseTrashActivity
com.appslandia.phrasebuilder.PhraseTrashActivity: PhraseTrashActivity()
com.appslandia.phrasebuilder.R$attr: int hGapDp
com.appslandia.phrasebuilder.R$attr: int leftIcon
com.appslandia.phrasebuilder.R$attr: int rightIcon
com.appslandia.phrasebuilder.R$attr: int stateOffSrc
com.appslandia.phrasebuilder.R$attr: int stateOnSrc
com.appslandia.phrasebuilder.R$attr: int underlineColor
com.appslandia.phrasebuilder.R$attr: int vGapDp
com.appslandia.phrasebuilder.R$attr: int xIcon
com.appslandia.phrasebuilder.R$color: int ActionBarBackgroundColor
com.appslandia.phrasebuilder.R$color: int ActionBarTitleColor
com.appslandia.phrasebuilder.R$color: int ActivityEditBackgroundColor
com.appslandia.phrasebuilder.R$color: int ActivityListBackgroundColor
com.appslandia.phrasebuilder.R$color: int EditTextHintColor
com.appslandia.phrasebuilder.R$color: int TestActionDescUnderlineColor
com.appslandia.phrasebuilder.R$dimen: int MainMenu_FontSize
com.appslandia.phrasebuilder.R$dimen: int MainMenu_PaddingTopBottom
com.appslandia.phrasebuilder.R$dimen: int TextSizeMediumX2
com.appslandia.phrasebuilder.R$dimen: int TextSizeMicro
com.appslandia.phrasebuilder.R$dimen: int TextSizeMicroX1
com.appslandia.phrasebuilder.R$dimen: int TextSizeSmallX2
...
android.support.annotation.Keep
android.support.v4.app.BackStackState: android.os.Parcelable$Creator CREATOR
android.support.v4.app.Fragment$SavedState: android.os.Parcelable$Creator CREATOR
android.support.v4.app.FragmentManagerState: android.os.Parcelable$Creator CREATOR
android.support.v4.app.FragmentState: android.os.Parcelable$Creator CREATOR
android.support.v4.app.FragmentTabHost: void setOnTabChangedListener(android.widget.TabHost$OnTabChangeListener)
android.support.v4.app.FragmentTabHost$SavedState: android.os.Parcelable$Creator CREATOR
android.support.v4.content.ModernAsyncTask$Status: android.support.v4.content.ModernAsyncTask$Status[] values()
android.support.v4.content.ModernAsyncTask$Status: android.support.v4.content.ModernAsyncTask$Status valueOf(java.lang.String)
android.support.v4.media.MediaBrowserCompat$MediaItem: android.os.Parcelable$Creator CREATOR
android.support.v4.media.MediaDescriptionCompat: android.os.Parcelable$Creator CREATOR
android.support.v4.media.MediaMetadataCompat: android.os.Parcelable$Creator CREATOR
android.support.v4.media.RatingCompat: android.os.Parcelable$Creator CREATOR
android.support.v4.media.session.MediaSessionCompat$QueueItem: android.os.Parcelable$Creator CREATOR
android.support.v4.media.session.MediaSessionCompat$ResultReceiverWrapper: android.os.Parcelable$Creator CREATOR
android.support.v4.media.session.MediaSessionCompat$Token: android.os.Parcelable$Creator CREATOR
android.support.v4.media.session.ParcelableVolumeInfo: android.os.Parcelable$Creator CREATOR
android.support.v4.media.session.PlaybackStateCompat: android.os.Parcelable$Creator CREATOR
android.support.v4.media.session.PlaybackStateCompat$CustomAction: android.os.Parcelable$Creator CREATOR
android.support.v4.os.ResultReceiver: android.os.Parcelable$Creator CREATOR
android.support.v4.view.PagerTabStrip: void setTabIndicatorColor(int)
android.support.v4.view.PagerTabStrip: void setTabIndicatorColorResource(int)
android.support.v4.view.PagerTabStrip: int getTabIndicatorColor()
android.support.v4.view.PagerTabStrip: void setTextSpacing(int)
android.support.v4.view.PagerTabStrip: void setBackgroundDrawable(android.graphics.drawable.Drawable)
android.support.v4.view.PagerTabStrip: void setBackgroundColor(int)
android.support.v4.view.PagerTabStrip: void setBackgroundResource(int)
android.support.v4.view.PagerTabStrip: void setDrawFullUnderline(boolean)
android.support.v4.view.PagerTabStrip: boolean getDrawFullUnderline()
android.support.v4.view.PagerTabStrip: int getMinHeight()
android.support.v4.view.PagerTitleStrip: void setSingleLineAllCaps(android.widget.TextView)
android.support.v4.view.PagerTitleStrip: void setTextSpacing(int)
android.support.v4.view.PagerTitleStrip: int getTextSpacing()
android.support.v4.view.PagerTitleStrip: void setNonPrimaryAlpha(float)
android.support.v4.view.PagerTitleStrip: void setTextColor(int)
android.support.v4.view.PagerTitleStrip: void setGravity(int)
android.support.v4.view.PagerTitleStrip: int getMinHeight()