proguard/mapping.txt
com.appslandia.phrasebuilder.AboutActivityImpl -> com.appslandia.phrasebuilder.AboutActivityImpl:
    void onCreate(android.os.Bundle) -> onCreate
    void initActivityProps() -> g
    int getActivityLayoutId() -> b
    int getContainerViewId() -> c
    int getListItemResourceId() -> d
    java.util.List getListItems() -> e
    void onListItemSelected(com.appslandia.core.adapters.AboutItem) -> a
    void feedback() -> h
    void openOurProducts() -> i
com.appslandia.phrasebuilder.AppListActivityImpl -> com.appslandia.phrasebuilder.AppListActivityImpl:
    void onCreate(android.os.Bundle) -> onCreate
    void initActivityProps() -> g
    int getActivityLayoutId() -> b
    int getContainerViewId() -> c
    int getListItemResourceId() -> d
    java.util.List getListItems() -> e
com.appslandia.phrasebuilder.ApplicationImpl -> com.appslandia.phrasebuilder.ApplicationImpl:
    void onCreate() -> onCreate
com.appslandia.phrasebuilder.BackupAgentImpl -> com.appslandia.phrasebuilder.BackupAgentImpl:
    com.appslandia.phrasebuilder.BackupHelperImpl helper -> a
    void saveBackupTimestamp(long) -> a
    void onBackup(android.os.ParcelFileDescriptor,android.app.backup.BackupDataOutput,android.os.ParcelFileDescriptor) -> onBackup
    void onRestore(android.app.backup.BackupDataInput,int,android.os.ParcelFileDescriptor) -> onRestore
com.appslandia.phrasebuilder.BackupHelperImpl -> com.appslandia.phrasebuilder.a:
    byte[] EMPTY_BYTES -> a
    android.content.Context context -> b
    void restoreKeyData(android.database.sqlite.SQLiteDatabase,java.lang.String,byte[]) -> a
    com.appslandia.core.utils.QueryParams initPrefQueryParams() -> a
    long backupPreferences(com.appslandia.core.io.KeyDataOutput) -> a
    void restoreLanguages(android.database.sqlite.SQLiteDatabase,byte[]) -> a
    void restoreLabels(android.database.sqlite.SQLiteDatabase,byte[]) -> b
    void restorePhrases(android.database.sqlite.SQLiteDatabase,byte[]) -> c
    void restorePhraseLabels(android.database.sqlite.SQLiteDatabase,byte[]) -> d
    void restorePreferences(byte[]) -> a
    void backupLanguages(com.appslandia.core.io.KeyDataOutput,android.database.sqlite.SQLiteDatabase) -> a
    void backupLabels(com.appslandia.core.io.KeyDataOutput,android.database.sqlite.SQLiteDatabase) -> b
    void backupPhrases(com.appslandia.core.io.KeyDataOutput,android.database.sqlite.SQLiteDatabase) -> c
    void backupPhraseLabels(com.appslandia.core.io.KeyDataOutput,android.database.sqlite.SQLiteDatabase) -> d
com.appslandia.phrasebuilder.BackupLocalImpl -> com.appslandia.phrasebuilder.b:
    java.lang.Object mutex -> a
    com.appslandia.phrasebuilder.BackupHelperImpl helper -> b
    java.io.File getBackupFile() -> a
    void saveBackupTimestamp(com.appslandia.core.io.KeyDataOutput,long) -> a
    void onBackup() -> b
    void onRestore() -> c
    boolean isBackupFileExists() -> d
    boolean verifyBackupState() -> e
    long tryGetBackupTimestamp() -> f
com.appslandia.phrasebuilder.BackupLocalImpl$1 -> com.appslandia.phrasebuilder.c:
    com.appslandia.phrasebuilder.BackupLocalImpl this$0 -> a
    android.database.sqlite.SQLiteDatabase val$db -> b
    boolean handle(java.lang.String,byte[]) -> a
com.appslandia.phrasebuilder.BackupLocalImpl$2 -> com.appslandia.phrasebuilder.d:
    boolean handle(java.lang.String,byte[]) -> a
com.appslandia.phrasebuilder.BackupLocalImpl$3 -> com.appslandia.phrasebuilder.e:
    com.appslandia.core.utils.Out val$timestamp -> a
    boolean handle(java.lang.String,byte[]) -> a
com.appslandia.phrasebuilder.BackupRequestReceiver -> com.appslandia.phrasebuilder.BackupRequestReceiver:
    void onReceive(android.content.Context,android.content.Intent) -> onReceive
com.appslandia.phrasebuilder.BootCompletedListener -> com.appslandia.phrasebuilder.BootCompletedListener:
    void onReceive(android.content.Context,android.content.Intent) -> onReceive
...
android.support.annotation.Keep -> android.support.annotation.Keep:
com.appslandia.core.adapters.AboutAdapter -> com.appslandia.core.a.a:
    int resourceId -> a
    android.view.LayoutInflater inflater -> b
    android.view.View getView(int,android.view.View,android.view.ViewGroup) -> getView
com.appslandia.core.adapters.AboutAdapter$ViewHolder -> com.appslandia.core.a.b:
    android.widget.TextView nameTextView -> a
    android.widget.TextView descTextView -> b
com.appslandia.core.adapters.AboutItem -> com.appslandia.core.a.c:
    java.lang.String desc -> a
    android.os.Parcelable$Creator CREATOR -> CREATOR
    void writeToParcel(android.os.Parcel,int) -> writeToParcel
    int describeContents() -> describeContents
    boolean equals(java.lang.Object) -> equals
    java.lang.String toString() -> toString
com.appslandia.core.adapters.AboutItem$1 -> com.appslandia.core.a.d:
    com.appslandia.core.adapters.AboutItem createFromParcel(android.os.Parcel) -> a
    com.appslandia.core.adapters.AboutItem[] newArray(int) -> a
    java.lang.Object createFromParcel(android.os.Parcel) -> createFromParcel
    java.lang.Object[] newArray(int) -> newArray
com.appslandia.core.adapters.AppItem -> com.appslandia.core.a.e:
    int iconResId -> b
    java.lang.String packageName -> c
    android.os.Parcelable$Creator CREATOR -> CREATOR
    void writeToParcel(android.os.Parcel,int) -> writeToParcel
    int describeContents() -> describeContents
    boolean equals(java.lang.Object) -> equals
    java.lang.String toString() -> toString
com.appslandia.core.adapters.AppItem$1 -> com.appslandia.core.a.f:
    com.appslandia.core.adapters.AppItem createFromParcel(android.os.Parcel) -> a
    com.appslandia.core.adapters.AppItem[] newArray(int) -> a
    java.lang.Object createFromParcel(android.os.Parcel) -> createFromParcel
    java.lang.Object[] newArray(int) -> newArray
com.appslandia.core.adapters.AppListAdapter -> com.appslandia.core.a.g:
    int resourceId -> a
    android.view.LayoutInflater inflater -> b
    android.view.View getView(int,android.view.View,android.view.ViewGroup) -> getView
com.appslandia.core.adapters.AppListAdapter$ViewHolder -> com.appslandia.core.a.h:
    android.widget.ImageView iconView -> a
    android.widget.TextView nameTextView -> b
    android.widget.TextView descTextView -> c
com.appslandia.core.adapters.ArrayAdapterImpl -> com.appslandia.core.a.i:
    java.util.List mObjects -> c
    java.lang.Object mLock -> d
    int mResource -> e
    int mDropDownResource -> f
    int mFieldId -> g
    boolean mNotifyOnChange -> h
    android.content.Context mContext -> i
    java.util.ArrayList mOriginalValues -> j
    com.appslandia.core.adapters.ArrayAdapterImpl$ArrayFilter mFilter -> k
    android.view.LayoutInflater mInflater -> l
    int textColor -> m
    java.util.List mLastObjects -> n
    void setTextColor(int) -> a
    boolean checkObjects(java.util.List) -> a
    boolean setObjects(java.util.List) -> b
    void notifyDataSetChanged() -> notifyDataSetChanged
    void init(android.content.Context,int,int,java.util.List) -> a
    android.content.Context getContext() -> a
    int getCount() -> getCount
    java.lang.Object getItem(int) -> getItem
    long getItemId(int) -> getItemId
    android.view.View getView(int,android.view.View,android.view.ViewGroup) -> getView
    android.view.View createViewFromResource(int,android.view.View,android.view.ViewGroup,int,int) -> a
    void setDropDownViewResource(int) -> b
    android.view.View getDropDownView(int,android.view.View,android.view.ViewGroup) -> getDropDownView
    android.widget.Filter getFilter() -> getFilter