proguard/usage.txt
com.appslandia.phrasebuilder.AboutActivityImpl:
    public static final int MENU_VERSION
    public static final int MENU_RATE_US
    public static final int MENU_SHARE_US
    public static final int MENU_FEEDBACK
    public static final int MENU_OUR_PRODUCTS
    public static final int MENU_DEV
com.appslandia.phrasebuilder.BackupHelperImpl:
    public static final java.lang.String KEY_LANGUAGES
    public static final java.lang.String KEY_LABELS
    public static final java.lang.String KEY_PHRASES
    public static final java.lang.String KEY_PHRASE_LABELS
    public static final java.lang.String KEY_PREFERENCES
    public static final int PHRASE_CHUNK_NUMBER
    public static final int PHRASE_CHUNK_RECORDS
    public static final int PHRASE_LABEL_CHUNK_NUMBER
    public static final int PHRASE_LABEL_CHUNK_RECORDS
    public static final java.lang.String select_languages_sql
    public static final java.lang.String select_labels_sql
    public static final java.lang.String select_phrases_sql
    public static final java.lang.String select_phrase_labels_sql
com.appslandia.phrasebuilder.BackupLocalImpl:
    public static final java.lang.String KEY_LAST_BACKUP_TIMESTAMP
    public static final java.lang.String BACKUP_DATA_FILE
com.appslandia.phrasebuilder.BuildConfig
com.appslandia.phrasebuilder.LabelEditDialog:
    public static final java.lang.String DIALOG_ARG_LABEL
com.appslandia.phrasebuilder.LabelEditDialog2:
    public static final java.lang.String STATE_APPLY_LABEL_CHECKED
    22:22:static synthetic boolean access$0()
com.appslandia.phrasebuilder.LabelListActivity:
    public static final int DIALOG_ADAPTER_DELETE_LABEL
    public static final int DIALOG_DIALOG_DELETE_LABEL
    public static final int TASK_SAVE_LABEL
    public static final int TASK_ADAPTER_DELETE_LABEL
    public static final int TASK_DIALOG_DELETE_LABEL
    public static final int TASK_DIALOG_CHECK_LABEL
    public static final int LOADER_LANGUAGES
    public static final java.lang.String STATE_LANGUAGE_ID
    public static final java.lang.String STATE_SIMPLE_VIEW_ACTIVE
com.appslandia.phrasebuilder.LabelListFragment1:
    public static final int LOADER_LABELS
    public static final java.lang.String STATE_LABEL_LIST_VIEW_POS
com.appslandia.phrasebuilder.LabelListFragment2:
    public static final java.lang.String ARGUMENT_LANGUAGE_ID
    public static final java.lang.String STATE_LIST_VIEW_POS
    public static final int LOADER_LABELS
    public static final java.lang.String LOADER_LABEL_STAT_PARAM_LANGUAGE_ID
com.appslandia.phrasebuilder.LabelSelectDialog:
    public static final java.lang.String DIALOG_LABELS
com.appslandia.phrasebuilder.LanguageEditDialog:
    public static final java.lang.String DIALOG_ARG_LANGUAGE
com.appslandia.phrasebuilder.LanguageListActivity:
    public static final int DIALOG_ADAPTER_DELETE_LANGUAGE
    public static final int DIALOG_DIALOG_DELETE_LANGUAGE
    public static final int TASK_SAVE_LANGUAGE
    public static final int TASK_ADAPTER_DELETE_LANGUAGE
    public static final int TASK_DIALOG_DELETE_LANGUAGE
    public static final int TASK_DIALOG_CHECK_LANGUAGE
com.appslandia.phrasebuilder.LanguageListActivity$PlaceholderFragment:
    public static final int LOADER_LANGUAGES
com.appslandia.phrasebuilder.MainActivity:
    public static final java.lang.String PREFERENCE_LEARN_WORKFLOW
    public static final java.lang.String PREFERENCE_RATE_US_DISABLED
    public static final java.lang.String PREFERENCE_RATE_US_LATERS
    public static final java.lang.String PREFERENCE_RATE_US_LAST_COUNT
    public static final java.lang.String STATE_SHOW_RATE_US_TIMESTAMP
    public static final long RATE_US_DIALOG_AFTER_USES
    public static final long RATE_US_DIALOG_NO_AFTER_LATERS
    public static final long RATE_US_DIALOG_DELAY_MS
...
android.support.v4.speech.tts.TextToSpeechICSMR1$2
android.support.v4.speech.tts.TextToSpeechICSMR1$UtteranceProgressListenerICSMR1
android.support.v4.text.BidiFormatter
android.support.v4.text.BidiFormatter$1
android.support.v4.text.BidiFormatter$Builder
android.support.v4.text.BidiFormatter$DirectionalityEstimator
android.support.v4.text.ICUCompat
android.support.v4.text.ICUCompat$ICUCompatImpl
android.support.v4.text.ICUCompat$ICUCompatImplBase
android.support.v4.text.ICUCompat$ICUCompatImplIcs
android.support.v4.text.ICUCompat$ICUCompatImplLollipop
android.support.v4.text.ICUCompatApi23
android.support.v4.text.ICUCompatIcs
android.support.v4.text.TextDirectionHeuristicCompat
android.support.v4.text.TextDirectionHeuristicsCompat
android.support.v4.text.TextDirectionHeuristicsCompat$1
android.support.v4.text.TextDirectionHeuristicsCompat$AnyStrong
android.support.v4.text.TextDirectionHeuristicsCompat$FirstStrong
android.support.v4.text.TextDirectionHeuristicsCompat$TextDirectionAlgorithm
android.support.v4.text.TextDirectionHeuristicsCompat$TextDirectionHeuristicImpl
android.support.v4.text.TextDirectionHeuristicsCompat$TextDirectionHeuristicInternal
android.support.v4.text.TextDirectionHeuristicsCompat$TextDirectionHeuristicLocale
android.support.v4.text.TextUtilsCompat
android.support.v4.text.TextUtilsCompat$1
android.support.v4.text.TextUtilsCompat$TextUtilsCompatImpl
android.support.v4.text.TextUtilsCompat$TextUtilsCompatJellybeanMr1Impl
android.support.v4.text.TextUtilsCompatJellybeanMr1
android.support.v4.util.ArrayMap
android.support.v4.util.ArrayMap$1
android.support.v4.util.AtomicFile
android.support.v4.util.CircularArray
android.support.v4.util.CircularIntArray
android.support.v4.util.ContainerHelpers
android.support.v4.util.DebugUtils
android.support.v4.util.LogWriter
android.support.v4.util.LongSparseArray
android.support.v4.util.LruCache
android.support.v4.util.MapCollections
android.support.v4.util.MapCollections$ArrayIterator
android.support.v4.util.MapCollections$EntrySet
android.support.v4.util.MapCollections$KeySet
android.support.v4.util.MapCollections$MapIterator
android.support.v4.util.MapCollections$ValuesCollection
android.support.v4.util.Pair
android.support.v4.util.Pools
android.support.v4.util.Pools$Pool
android.support.v4.util.Pools$SimplePool
android.support.v4.util.Pools$SynchronizedPool
android.support.v4.util.SimpleArrayMap
android.support.v4.util.SparseArrayCompat
android.support.v4.util.TimeUtils
android.support.v4.view.AccessibilityDelegateCompat
android.support.v4.view.AccessibilityDelegateCompat$AccessibilityDelegateIcsImpl
android.support.v4.view.AccessibilityDelegateCompat$AccessibilityDelegateIcsImpl$1
android.support.v4.view.AccessibilityDelegateCompat$AccessibilityDelegateImpl
android.support.v4.view.AccessibilityDelegateCompat$AccessibilityDelegateJellyBeanImpl
android.support.v4.view.AccessibilityDelegateCompat$AccessibilityDelegateJellyBeanImpl$1
android.support.v4.view.AccessibilityDelegateCompat$AccessibilityDelegateStubImpl
android.support.v4.view.AccessibilityDelegateCompatIcs
android.support.v4.view.AccessibilityDelegateCompatIcs$1
android.support.v4.view.AccessibilityDelegateCompatIcs$AccessibilityDelegateBridge
android.support.v4.view.AccessibilityDelegateCompatJellyBean
android.support.v4.view.AccessibilityDelegateCompatJellyBean$1
android.support.v4.view.AccessibilityDelegateCompatJellyBean$AccessibilityDelegateBridgeJellyBean
android.support.v4.view.ActionProvider
android.support.v4.view.ActionProvider$SubUiVisibilityListener
android.support.v4.view.ActionProvider$VisibilityListener
android.support.v4.view.GestureDetectorCompat
android.support.v4.view.GestureDetectorCompat$GestureDetectorCompatImpl
android.support.v4.view.GestureDetectorCompat$GestureDetectorCompatImplBase
android.support.v4.view.GestureDetectorCompat$GestureDetectorCompatImplBase$GestureHandler
android.support.v4.view.GestureDetectorCompat$GestureDetectorCompatImplJellybeanMr2